#
# There is insufficient memory for the Java Runtime Environment to continue.
# Native memory allocation (malloc) failed to allocate 32744 bytes for ChunkPool::allocate
# Possible reasons:
#   The system is out of physical RAM or swap space
#   In 32 bit mode, the process size limit was hit
# Possible solutions:
#   Reduce memory load on the system
#   Increase physical memory or swap space
#   Check if swap backing store is full
#   Use 64 bit Java on a 64 bit OS
#   Decrease Java heap size (-Xmx/-Xms)
#   Decrease number of Java threads
#   Decrease Java thread stack sizes (-Xss)
#   Set larger code cache with -XX:ReservedCodeCacheSize=
# This output file may be truncated or incomplete.
#
#  Out of Memory Error (allocation.cpp:273), pid=7768, tid=1796
#
# JRE version: Java(TM) SE Runtime Environment (8.0_73-b02) (build 1.8.0_73-b02)
# Java VM: Java HotSpot(TM) 64-Bit Server VM (25.73-b02 mixed mode windows-amd64 compressed oops)
# Failed to write core dump. Minidumps are not enabled by default on client versions of Windows
#

---------------  T H R E A D  ---------------

Current thread (0x00000000149bb800):  JavaThread "C2 CompilerThread1" daemon [_thread_in_native, id=1796, stack(0x0000000015fb0000,0x00000000160b0000)]

Stack: [0x0000000015fb0000,0x00000000160b0000]
[error occurred during error reporting (printing stack bounds), id 0xc0000005]

Native frames: (J=compiled Java code, j=interpreted, Vv=VM code, C=native code)


Current CompileTask:
C2:   6442 1218   !   4       com.android.dx.cf.cst.ConstantPoolParser::parse0 (731 bytes)


---------------  P R O C E S S  ---------------

Java Threads: ( => current thread )
  0x0000000016312000 JavaThread "pool-1-thread-4" [_thread_in_Java, id=2520, stack(0x0000000016bb0000,0x0000000016cb0000)]
  0x0000000016311000 JavaThread "pool-1-thread-3" [_thread_in_Java, id=1556, stack(0x0000000016ab0000,0x0000000016bb0000)]
  0x000000001630c800 JavaThread "pool-1-thread-2" [_thread_in_Java, id=1376, stack(0x00000000169b0000,0x0000000016ab0000)]
  0x0000000016309000 JavaThread "pool-2-thread-1" [_thread_blocked, id=9268, stack(0x00000000168b0000,0x00000000169b0000)]
  0x0000000016308000 JavaThread "pool-1-thread-1" [_thread_in_Java, id=5880, stack(0x00000000167b0000,0x00000000168b0000)]
  0x00000000160b5800 JavaThread "Service Thread" daemon [_thread_blocked, id=9276, stack(0x00000000165b0000,0x00000000166b0000)]
  0x00000000160b0800 JavaThread "C1 CompilerThread2" daemon [_thread_blocked, id=7192, stack(0x00000000164b0000,0x00000000165b0000)]
=>0x00000000149bb800 JavaThread "C2 CompilerThread1" daemon [_thread_in_native, id=1796, stack(0x0000000015fb0000,0x00000000160b0000)]
  0x000000001495e800 JavaThread "C2 CompilerThread0" daemon [_thread_in_native, id=4348, stack(0x0000000015eb0000,0x0000000015fb0000)]
  0x000000001495b000 JavaThread "Attach Listener" daemon [_thread_blocked, id=9372, stack(0x0000000015db0000,0x0000000015eb0000)]
  0x000000001495a000 JavaThread "Signal Dispatcher" daemon [_thread_blocked, id=8296, stack(0x0000000015cb0000,0x0000000015db0000)]
  0x0000000002281000 JavaThread "Finalizer" daemon [_thread_blocked, id=3488, stack(0x0000000015bb0000,0x0000000015cb0000)]
  0x000000000227e000 JavaThread "Reference Handler" daemon [_thread_blocked, id=9612, stack(0x0000000015ab0000,0x0000000015bb0000)]
  0x0000000002191000 JavaThread "main" [_thread_in_Java, id=10092, stack(0x0000000001e20000,0x0000000001f20000)]

Other Threads:
  0x0000000014927800 VMThread [stack: 0x00000000159b0000,0x0000000015ab0000] [id=4816]
  0x00000000160ba800 WatcherThread [stack: 0x00000000166b0000,0x00000000167b0000] [id=5928]

VM state:not at safepoint (normal execution)

VM Mutex/Monitor currently owned by a thread: None

Heap:
 PSYoungGen      total 34816K, used 16551K [0x00000000eab00000, 0x00000000ed180000, 0x0000000100000000)
  eden space 30208K, 39% used [0x00000000eab00000,0x00000000eb6afd58,0x00000000ec880000)
  from space 4608K, 99% used [0x00000000ec880000,0x00000000eccfa0c8,0x00000000ecd00000)
  to   space 4608K, 0% used [0x00000000ecd00000,0x00000000ecd00000,0x00000000ed180000)
 ParOldGen       total 79360K, used 807K [0x00000000c0000000, 0x00000000c4d80000, 0x00000000eab00000)
  object space 79360K, 1% used [0x00000000c0000000,0x00000000c00c9eb8,0x00000000c4d80000)
 Metaspace       used 6001K, capacity 6896K, committed 7040K, reserved 1056768K
  class space    used 597K, capacity 616K, committed 640K, reserved 1048576K

Card table byte_map: [0x0000000011650000,0x0000000011860000] byte_map_base: 0x0000000011050000

Marking Bits: (ParMarkBitMap*) 0x000000005f780600
 Begin Bits: [0x0000000011dc0000, 0x0000000012dc0000)
 End Bits:   [0x0000000012dc0000, 0x0000000013dc0000)

Polling page: 0x0000000001f20000

CodeCache: size=245760Kb used=4935Kb max_used=4947Kb free=240824Kb
 bounds [0x0000000002290000, 0x0000000002770000, 0x0000000011290000]
 total_blobs=1522 nmethods=1254 adapters=182
 compilation: enabled

Compilation events (10 events):
Event: 6.339 Thread 0x000000001495e800 nmethod 1252 0x000000000275ff90 code [0x0000000002760100, 0x0000000002760408]
Event: 6.339 Thread 0x000000001495e800 1230       4       com.android.dx.ssa.SsaMethod$2::addToUses (48 bytes)
Event: 6.362 Thread 0x000000001495e800 nmethod 1230 0x0000000002761290 code [0x0000000002761440, 0x0000000002761df8]
Event: 6.362 Thread 0x000000001495e800 1236       4       com.android.dx.ssa.SsaBasicBlock::getCountPhiInsns (45 bytes)
Event: 6.367 Thread 0x000000001495e800 nmethod 1236 0x00000000027684d0 code [0x0000000002768620, 0x0000000002768858]
Event: 6.367 Thread 0x000000001495e800 1232       4       java.util.Collections$UnmodifiableCollection$1::next (10 bytes)
Event: 6.370 Thread 0x000000001495e800 nmethod 1232 0x0000000002767f90 code [0x0000000002768100, 0x0000000002768288]
Event: 6.370 Thread 0x000000001495e800 1221       4       com.android.dx.ssa.SsaMethod$1::visitNonMoveInsn (26 bytes)
Event: 6.372 Thread 0x000000001495e800 nmethod 1221 0x000000000275fbd0 code [0x000000000275fd20, 0x000000000275fe18]
Event: 6.372 Thread 0x000000001495e800 1224   !   4       com.android.dx.cf.code.BytecodeArray::parseInstruction (2764 bytes)

GC Heap History (2 events):
Event: 6.186 GC heap before
{Heap before GC invocations=1 (full 0):
 PSYoungGen      total 34816K, used 30208K [0x00000000eab00000, 0x00000000ed180000, 0x0000000100000000)
  eden space 30208K, 100% used [0x00000000eab00000,0x00000000ec880000,0x00000000ec880000)
  from space 4608K, 0% used [0x00000000ecd00000,0x00000000ecd00000,0x00000000ed180000)
  to   space 4608K, 0% used [0x00000000ec880000,0x00000000ec880000,0x00000000ecd00000)
 ParOldGen       total 79360K, used 0K [0x00000000c0000000, 0x00000000c4d80000, 0x00000000eab00000)
  object space 79360K, 0% used [0x00000000c0000000,0x00000000c0000000,0x00000000c4d80000)
 Metaspace       used 5901K, capacity 6832K, committed 7040K, reserved 1056768K
  class space    used 594K, capacity 616K, committed 640K, reserved 1048576K
Event: 6.198 GC heap after
Heap after GC invocations=1 (full 0):
 PSYoungGen      total 34816K, used 4584K [0x00000000eab00000, 0x00000000ed180000, 0x0000000100000000)
  eden space 30208K, 0% used [0x00000000eab00000,0x00000000eab00000,0x00000000ec880000)
  from space 4608K, 99% used [0x00000000ec880000,0x00000000eccfa0c8,0x00000000ecd00000)
  to   space 4608K, 0% used [0x00000000ecd00000,0x00000000ecd00000,0x00000000ed180000)
 ParOldGen       total 79360K, used 807K [0x00000000c0000000, 0x00000000c4d80000, 0x00000000eab00000)
  object space 79360K, 1% used [0x00000000c0000000,0x00000000c00c9eb8,0x00000000c4d80000)
 Metaspace       used 5901K, capacity 6832K, committed 7040K, reserved 1056768K
  class space    used 594K, capacity 616K, committed 640K, reserved 1048576K
}

Deoptimization events (10 events):
Event: 5.263 Thread 0x0000000002191000 Uncommon trap: reason=unstable_if action=reinterpret pc=0x00000000024c8c1c method=java.lang.String.<init>([CII)V @ 18
Event: 6.039 Thread 0x0000000016311000 Uncommon trap: reason=unstable_if action=reinterpret pc=0x0000000002615f8c method=com.android.dx.ssa.NormalSsaInsn.getLocalAssignment()Lcom/android/dx/rop/code/RegisterSpec; @ 12
Event: 6.039 Thread 0x0000000016311000 Uncommon trap: reason=unstable_if action=reinterpret pc=0x0000000002577568 method=com.android.dx.ssa.NormalSsaInsn.getLocalAssignment()Lcom/android/dx/rop/code/RegisterSpec; @ 12
Event: 6.039 Thread 0x0000000016311000 Uncommon trap: reason=unstable_if action=reinterpret pc=0x0000000002576570 method=com.android.dx.ssa.NormalSsaInsn.getLocalAssignment()Lcom/android/dx/rop/code/RegisterSpec; @ 12
Event: 6.204 Thread 0x0000000016311000 Uncommon trap: reason=unstable_if action=reinterpret pc=0x000000000251a174 method=java.util.BitSet.ensureCapacity(I)V @ 6
Event: 6.227 Thread 0x000000001630c800 Uncommon trap: reason=class_check action=maybe_recompile pc=0x00000000026fd340 method=com.android.dx.ssa.NormalSsaInsn.accept(Lcom/android/dx/ssa/SsaInsn$Visitor;)V @ 9
Event: 6.238 Thread 0x0000000016311000 Uncommon trap: reason=class_check action=maybe_recompile pc=0x00000000026fd340 method=com.android.dx.ssa.NormalSsaInsn.accept(Lcom/android/dx/ssa/SsaInsn$Visitor;)V @ 9
Event: 6.310 Thread 0x0000000016308000 Uncommon trap: reason=class_check action=maybe_recompile pc=0x00000000026fd340 method=com.android.dx.ssa.NormalSsaInsn.accept(Lcom/android/dx/ssa/SsaInsn$Visitor;)V @ 9
Event: 6.310 Thread 0x0000000016308000 Uncommon trap: reason=class_check action=maybe_recompile pc=0x00000000025521b0 method=com.android.dx.ssa.NormalSsaInsn.accept(Lcom/android/dx/ssa/SsaInsn$Visitor;)V @ 9
Event: 6.311 Thread 0x0000000016308000 Uncommon trap: reason=class_check action=maybe_recompile pc=0x00000000026fd340 method=com.android.dx.ssa.NormalSsaInsn.accept(Lcom/android/dx/ssa/SsaInsn$Visitor;)V @ 9

Internal exceptions (2 events):
Event: 3.312 Thread 0x0000000002191000 Exception <a 'java/lang/NoSuchMethodError': Method sun.misc.Unsafe.defineClass(Ljava/lang/String;[BII)Ljava/lang/Class; name or signature does not match> (0x00000000eab130d8) thrown at [D:\re\puppet\workspace\8-2-build-windows-amd64-cygwin\jdk8u73\6086\hot¼)Ba•
@
Event: 3.312 Thread 0x0000000002191000 Exception <a 'java/lang/NoSuchMethodError': Method sun.misc.Unsafe.prefetchRead(Ljava/lang/Object;J)V name or signature does not match> (0x00000000eab133c0) thrown at [D:\re\puppet\workspace\8-2-build-windows-amd64-cygwin\jdk8u73\6086\hotspot\src\share\vm\

Events (10 events):
Event: 6.310 Thread 0x0000000016308000 DEOPT PACKING pc=0x00000000026fd340 sp=0x00000000168ae950
Event: 6.310 Thread 0x0000000016308000 DEOPT UNPACKING pc=0x00000000022d582a sp=0x00000000168ae870 mode 2
Event: 6.310 Thread 0x0000000016308000 Uncommon trap: trap_request=0xffffffde fr.pc=0x00000000025521b0
Event: 6.310 Thread 0x0000000016308000 DEOPT PACKING pc=0x00000000025521b0 sp=0x00000000168ae8c0
Event: 6.310 Thread 0x0000000016308000 DEOPT UNPACKING pc=0x00000000022d582a sp=0x00000000168ae860 mode 2
Event: 6.311 Thread 0x0000000016308000 Uncommon trap: trap_request=0xffffffde fr.pc=0x00000000026fd340
Event: 6.311 Thread 0x0000000016308000 DEOPT PACKING pc=0x00000000026fd340 sp=0x00000000168ae950
Event: 6.311 Thread 0x0000000016308000 DEOPT UNPACKING pc=0x00000000022d582a sp=0x00000000168ae870 mode 2
Event: 6.318 loading class com/android/dx/cf/code/BytecodeArray$ConstantParserVisitor
Event: 6.318 loading class com/android/dx/cf/code/BytecodeArray$ConstantParserVisitor done


Dynamic libraries:
0x00007ff7a32b0000 - 0x00007ff7a32e7000 	C:\Program Files\Java\jdk1.8.0_73\bin\java.exe
0x00007ffb52640000 - 0x00007ffb52801000 	C:\Windows\SYSTEM32\ntdll.dll
0x00007ffb51630000 - 0x00007ffb516dd000 	C:\Windows\system32\KERNEL32.DLL
0x00007ffb4f800000 - 0x00007ffb4f9e8000 	C:\Windows\system32\KERNELBASE.dll
0x00007ffb50020000 - 0x00007ffb500c7000 	C:\Windows\system32\ADVAPI32.dll
0x00007ffb51dd0000 - 0x00007ffb51e6d000 	C:\Windows\system32\msvcrt.dll
0x00007ffb519a0000 - 0x00007ffb519fb000 	C:\Windows\system32\sechost.dll
0x00007ffb51e70000 - 0x00007ffb51f8c000 	C:\Windows\system32\RPCRT4.dll
0x00007ffb516e0000 - 0x00007ffb51836000 	C:\Windows\system32\USER32.dll
0x00007ffb51bd0000 - 0x00007ffb51d56000 	C:\Windows\system32\GDI32.dll
0x00007ffb47bd0000 - 0x00007ffb47e44000 	C:\Windows\WinSxS\amd64_microsoft.windows.common-controls_6595b64144ccf1df_6.0.10586.0_none_8c15ae12515e1c22\COMCTL32.dll
0x00007ffb521f0000 - 0x00007ffb5246d000 	C:\Windows\system32\combase.dll
0x00007ffb4f000000 - 0x00007ffb4f06a000 	C:\Windows\system32\bcryptPrimitives.dll
0x00007ffb52470000 - 0x00007ffb524ab000 	C:\Windows\system32\IMM32.DLL
0x000000005e7b0000 - 0x000000005e882000 	C:\Program Files\Java\jdk1.8.0_73\jre\bin\msvcr100.dll
0x000000005ef70000 - 0x000000005f800000 	C:\Program Files\Java\jdk1.8.0_73\jre\bin\server\jvm.dll
0x00007ffb520a0000 - 0x00007ffb520a8000 	C:\Windows\system32\PSAPI.DLL
0x00007ffb468c0000 - 0x00007ffb468c9000 	C:\Windows\SYSTEM32\WSOCK32.dll
0x00007ffb51d60000 - 0x00007ffb51dcb000 	C:\Windows\system32\WS2_32.dll
0x00007ffb4d390000 - 0x00007ffb4d3b3000 	C:\Windows\SYSTEM32\WINMM.dll
0x00007ffb49910000 - 0x00007ffb4991a000 	C:\Windows\SYSTEM32\VERSION.dll
0x00007ffb4d240000 - 0x00007ffb4d26c000 	C:\Windows\SYSTEM32\WINMMBASE.dll
0x00007ffb4f9f0000 - 0x00007ffb4fa33000 	C:\Windows\system32\cfgmgr32.dll
0x000000005ef60000 - 0x000000005ef6f000 	C:\Program Files\Java\jdk1.8.0_73\jre\bin\verify.dll
0x000000005ef30000 - 0x000000005ef59000 	C:\Program Files\Java\jdk1.8.0_73\jre\bin\java.dll
0x000000005ef10000 - 0x000000005ef26000 	C:\Program Files\Java\jdk1.8.0_73\jre\bin\zip.dll
0x00007ffb500d0000 - 0x00007ffb5162c000 	C:\Windows\system32\SHELL32.dll
0x00007ffb4f120000 - 0x00007ffb4f765000 	C:\Windows\system32\windows.storage.dll
0x00007ffb52040000 - 0x00007ffb52092000 	C:\Windows\system32\shlwapi.dll
0x00007ffb4ece0000 - 0x00007ffb4ecef000 	C:\Windows\system32\kernel.appcore.dll
0x00007ffb4ef40000 - 0x00007ffb4eff5000 	C:\Windows\system32\shcore.dll
0x00007ffb4ec90000 - 0x00007ffb4ecdb000 	C:\Windows\system32\powrprof.dll
0x00007ffb4ec70000 - 0x00007ffb4ec84000 	C:\Windows\system32\profapi.dll

VM Arguments:
jvm_args: -Djava.awt.headless=true -Xmx1024M -Dfile.encoding=windows-1251 -Duser.country=RU -Duser.language=ru -Duser.variant 
java_command: com.android.dx.command.Main --dex --force-jumbo --num-threads=4 --output D:\Android\AndroidStudioProjects\PosterFun\app\build\intermediates\pre-dexed\debug\com.google.android.gms-play-services-analytics-8.4.0_ab26a3aacac0331ea48d308809fe53ce24c7e2db.jar D:\Android\AndroidStudioProjects\PosterFun\app\build\intermediates\exploded-aar\com.google.android.gms\play-services-analytics\8.4.0\jars\classes.jar
java_class_path (initial): D:\Android\sdk\build-tools\23.0.3\lib\dx.jar
Launcher Type: SUN_STANDARD

Environment Variables:
PATH=C:\ProgramData\Oracle\Java\javapath;C:\Windows\system32;C:\Windows;C:\Windows\System32\Wbem;C:\Windows\System32\WindowsPowerShell\v1.0\;C:\Program Files (x86)\AMD\ATI.ACE\Core-Static;C:\Program Files (x86)\Skype\Phone\
USERNAME=Stratos
OS=Windows_NT
PROCESSOR_IDENTIFIER=AMD64 Family 21 Model 19 Stepping 1, AuthenticAMD



---------------  S Y S T E M  ---------------

OS: Windows 10.0 , 64 bit Build 10586 (10.0.10586.0)

CPU:total 4 (4 cores per cpu, 1 threads per core) family 21 model 19 stepping 1, cmov, cx8, fxsr, mmx, sse, sse2, sse3, ssse3, sse4.1, sse4.2, popcnt, avx, aes, clmul, mmxext, 3dnowpref, lzcnt, sse4a, tsc, tscinvbit, tscinv, bmi1

Memory: 4k page, physical 7543056k(1642872k free), swap 8591632k(3080k free)

vm_info: Java HotSpot(TM) 64-Bit Server VM (25.73-b02) for windows-amd64 JRE (1.8.0_73-b02), built on Jan 29 2016 17:38:49 by "java_re" with MS VC++ 10.0 (VS2010)

time: Wed May 11 15:14:40 2016
elapsed time: 6 seconds (0d 0h 0m 6s)

