#
# There is insufficient memory for the Java Runtime Environment to continue.
# Native memory allocation (malloc) failed to allocate 1048576 bytes for AllocateHeap
# Possible reasons:
#   The system is out of physical RAM or swap space
#   In 32 bit mode, the process size limit was hit
# Possible solutions:
#   Reduce memory load on the system
#   Increase physical memory or swap space
#   Check if swap backing store is full
#   Use 64 bit Java on a 64 bit OS
#   Decrease Java heap size (-Xmx/-Xms)
#   Decrease number of Java threads
#   Decrease Java thread stack sizes (-Xss)
#   Set larger code cache with -XX:ReservedCodeCacheSize=
# This output file may be truncated or incomplete.
#
#  Out of Memory Error (memory/allocation.inline.hpp:61), pid=5988, tid=6836
#
# JRE version:  (8.0_73-b02) (build )
# Java VM: Java HotSpot(TM) 64-Bit Server VM (25.73-b02 mixed mode windows-amd64 compressed oops)
# Failed to write core dump. Minidumps are not enabled by default on client versions of Windows
#

---------------  T H R E A D  ---------------

Current thread (0x00000000022f1000):  JavaThread "Unknown thread" [_thread_in_vm, id=6836, stack(0x00000000021f0000,0x00000000022f0000)]

Stack: [0x00000000021f0000,0x00000000022f0000]
[error occurred during error reporting (printing stack bounds), id 0xc0000005]

Native frames: (J=compiled Java code, j=interpreted, Vv=VM code, C=native code)


---------------  P R O C E S S  ---------------

Java Threads: ( => current thread )

Other Threads:

=>0x00000000022f1000 (exited) JavaThread "Unknown thread" [_thread_in_vm, id=6836, stack(0x00000000021f0000,0x00000000022f0000)]

VM state:not at safepoint (normal execution)

VM Mutex/Monitor currently owned by a thread: None

Heap:
 PSYoungGen      total 34816K, used 604K [0x00000000eab00000, 0x00000000ed180000, 0x0000000100000000)
  eden space 30208K, 2% used [0x00000000eab00000,0x00000000eab970b0,0x00000000ec880000)
  from space 4608K, 0% used [0x00000000ecd00000,0x00000000ecd00000,0x00000000ed180000)
  to   space 4608K, 0% used [0x00000000ec880000,0x00000000ec880000,0x00000000ecd00000)
 ParOldGen       total 79360K, used 0K [0x00000000c0000000, 0x00000000c4d80000, 0x00000000eab00000)
  object space 79360K, 0% used [0x00000000c0000000,0x00000000c0000000,0x00000000c4d80000)
 Metaspace       used 769K, capacity 4480K, committed 4480K, reserved 1056768K
  class space    used 75K, capacity 384K, committed 384K, reserved 1048576K

Card table byte_map: [0x00000000117b0000,0x00000000119c0000] byte_map_base: 0x00000000111b0000

Marking Bits: (ParMarkBitMap*) 0x000000006b240600
 Begin Bits: [0x0000000011f20000, 0x0000000012f20000)
 End Bits:   [0x0000000012f20000, 0x0000000013f20000)

Polling page: 0x00000000001f0000

CodeCache: size=245760Kb used=327Kb max_used=327Kb free=245432Kb
 bounds [0x00000000023f0000, 0x0000000002660000, 0x00000000113f0000]
 total_blobs=56 nmethods=0 adapters=37
 compilation: enabled

Compilation events (0 events):
No events

GC Heap History (0 events):
No events

Deoptimization events (0 events):
No events

Internal exceptions (0 events):
No events

Events (10 events):
Event: 0.036 loading class java/lang/Short
Event: 0.036 loading class java/lang/Short done
Event: 0.036 loading class java/lang/Integer
Event: 0.036 loading class java/lang/Integer done
Event: 0.036 loading class java/lang/Long
Event: 0.037 loading class java/lang/Long done
Event: 0.038 loading class java/lang/NullPointerException
Event: 0.038 loading class java/lang/NullPointerException done
Event: 0.038 loading class java/lang/ArithmeticException
Event: 0.038 loading class java/lang/ArithmeticException done


Dynamic libraries:
0x00007ff649110000 - 0x00007ff649147000 	C:\Program Files\Java\jdk1.8.0_73\bin\java.exe
0x00007ffaabd80000 - 0x00007ffaabf41000 	C:\Windows\SYSTEM32\ntdll.dll
0x00007ffaab550000 - 0x00007ffaab5fd000 	C:\Windows\system32\KERNEL32.DLL
0x00007ffaa84f0000 - 0x00007ffaa86d8000 	C:\Windows\system32\KERNELBASE.dll
0x00007ffaab460000 - 0x00007ffaab507000 	C:\Windows\system32\ADVAPI32.dll
0x00007ffaabce0000 - 0x00007ffaabd7d000 	C:\Windows\system32\msvcrt.dll
0x00007ffaaadf0000 - 0x00007ffaaae4b000 	C:\Windows\system32\sechost.dll
0x00007ffaab890000 - 0x00007ffaab9ac000 	C:\Windows\system32\RPCRT4.dll
0x00007ffaab9b0000 - 0x00007ffaabb06000 	C:\Windows\system32\USER32.dll
0x00007ffaa92d0000 - 0x00007ffaa9456000 	C:\Windows\system32\GDI32.dll
0x00007ffaa2e60000 - 0x00007ffaa30d4000 	C:\Windows\WinSxS\amd64_microsoft.windows.common-controls_6595b64144ccf1df_6.0.10586.0_none_8c15ae12515e1c22\COMCTL32.dll
0x00007ffaab0d0000 - 0x00007ffaab34d000 	C:\Windows\system32\combase.dll
0x00007ffaa9110000 - 0x00007ffaa917a000 	C:\Windows\system32\bcryptPrimitives.dll
0x00007ffaab510000 - 0x00007ffaab54b000 	C:\Windows\system32\IMM32.DLL
0x000000006a420000 - 0x000000006a4f2000 	C:\Program Files\Java\jdk1.8.0_73\jre\bin\msvcr100.dll
0x000000006aa30000 - 0x000000006b2c0000 	C:\Program Files\Java\jdk1.8.0_73\jre\bin\server\jvm.dll
0x00007ffaaae50000 - 0x00007ffaaae58000 	C:\Windows\system32\PSAPI.DLL
0x00007ffa9f230000 - 0x00007ffa9f239000 	C:\Windows\SYSTEM32\WSOCK32.dll
0x00007ffaa46b0000 - 0x00007ffaa46ba000 	C:\Windows\SYSTEM32\VERSION.dll
0x00007ffaa6c10000 - 0x00007ffaa6c33000 	C:\Windows\SYSTEM32\WINMM.dll
0x00007ffaab760000 - 0x00007ffaab7cb000 	C:\Windows\system32\WS2_32.dll
0x00007ffaa6bb0000 - 0x00007ffaa6bdc000 	C:\Windows\SYSTEM32\WINMMBASE.dll
0x00007ffaa9010000 - 0x00007ffaa9053000 	C:\Windows\system32\cfgmgr32.dll
0x000000006b6f0000 - 0x000000006b6ff000 	C:\Program Files\Java\jdk1.8.0_73\jre\bin\verify.dll
0x000000006aa00000 - 0x000000006aa29000 	C:\Program Files\Java\jdk1.8.0_73\jre\bin\java.dll
0x000000006a9e0000 - 0x000000006a9f6000 	C:\Program Files\Java\jdk1.8.0_73\jre\bin\zip.dll

VM Arguments:
jvm_args: -Djava.awt.headless=true -Xmx1024M -Dfile.encoding=windows-1251 -Duser.country=RU -Duser.language=ru -Duser.variant 
java_command: com.android.dx.command.Main --dex --force-jumbo --num-threads=4 --output D:\Android\AndroidStudioProjects\PosterFun\app\build\intermediates\pre-dexed\debug\main_19066717f68305c8603b4634e0e9462a6515070b.jar D:\Android\AndroidStudioProjects\PosterFun\app\build\intermediates\transforms\instantRun\debug\folders\1\5\main
java_class_path (initial): D:\Android\sdk\build-tools\23.0.3\lib\dx.jar
Launcher Type: SUN_STANDARD

Environment Variables:
PATH=C:\ProgramData\Oracle\Java\javapath;C:\Windows\system32;C:\Windows;C:\Windows\System32\Wbem;C:\Windows\System32\WindowsPowerShell\v1.0\;C:\Program Files (x86)\AMD\ATI.ACE\Core-Static;C:\Program Files (x86)\Skype\Phone\
USERNAME=Stratos
OS=Windows_NT
PROCESSOR_IDENTIFIER=AMD64 Family 21 Model 19 Stepping 1, AuthenticAMD



---------------  S Y S T E M  ---------------

OS: Windows 10.0 , 64 bit Build 10586 (10.0.10586.0)

CPU:total 4 (4 cores per cpu, 1 threads per core) family 21 model 19 stepping 1, cmov, cx8, fxsr, mmx, sse, sse2, sse3, ssse3, sse4.1, sse4.2, popcnt, avx, aes, clmul, mmxext, 3dnowpref, lzcnt, sse4a, tsc, tscinvbit, tscinv, bmi1

Memory: 4k page, physical 7543056k(1512996k free), swap 8591632k(4224k free)

vm_info: Java HotSpot(TM) 64-Bit Server VM (25.73-b02) for windows-amd64 JRE (1.8.0_73-b02), built on Jan 29 2016 17:38:49 by "java_re" with MS VC++ 10.0 (VS2010)

time: Thu Apr 21 23:58:27 2016
elapsed time: 0 seconds (0d 0h 0m 0s)

